<?xml version="1.0" encoding="utf-8" standalone="no"?>
<!--This file represents the results of running a test suite-->
<test-results name="D:\LEARNING\AMIKOM\Semester 3\PEMROGRAMAN\Module Praktikum 05\02 tugas\DayUserUnitTest\bin\Debug\DayUserUnitTest.dll" total="1" errors="0" failures="0" not-run="0" inconclusive="0" ignored="0" skipped="0" invalid="0" date="2021-10-28" time="11:25:39">
  <environment nunit-version="2.6.4.14350" clr-version="2.0.50727.9151" os-version="Microsoft Windows NT 6.2.9200.0" platform="Win32NT" cwd="C:\tools-testing" machine-name="LAPTOP-C64NJVNB" user="Alex Muhammad" user-domain="LAPTOP-C64NJVNB" />
  <culture-info current-culture="en-US" current-uiculture="en-US" />
  <test-suite type="Assembly" name="D:\LEARNING\AMIKOM\Semester 3\PEMROGRAMAN\Module Praktikum 05\02 tugas\DayUserUnitTest\bin\Debug\DayUserUnitTest.dll" executed="True" result="Success" success="True" time="0.002" asserts="0">
    <results>
      <test-suite type="Namespace" name="DayUserUnitTest" executed="True" result="Success" success="True" time="0.002" asserts="0">
        <results>
          <test-suite type="TestFixture" name="DayUserTest" executed="True" result="Success" success="True" time="0.001" asserts="0">
            <results>
              <test-case name="DayUserUnitTest.DayUserTest.NameOfDayTest" executed="True" result="Success" success="True" time="0.000" asserts="1" />
            </results>
          </test-suite>
        </results>
      </test-suite>
    </results>
  </test-suite>
</test-results>